<?xml version="1.0" encoding="UTF-8"?>
<testng-results skipped="0" failed="0" ignored="0" total="1" passed="1">
  <reporter-output>
  </reporter-output>
  <suite name="Default suite" duration-ms="29524" started-at="2020-03-18T12:15:04Z" finished-at="2020-03-18T12:15:33Z">
    <groups>
    </groups>
    <test name="Default test" duration-ms="29524" started-at="2020-03-18T12:15:04Z" finished-at="2020-03-18T12:15:33Z">
      <class name="com.training.sanity.tests.LoginAdminTests">
        <test-method status="PASS" signature="setUpBeforeClass()[pri:0, instance:com.training.sanity.tests.LoginAdminTests@5c7fa833]" name="setUpBeforeClass" is-config="true" duration-ms="10" started-at="2020-03-18T17:45:04Z" finished-at="2020-03-18T17:45:04Z">
          <reporter-output>
          </reporter-output>
        </test-method> <!-- setUpBeforeClass -->
        <test-method status="PASS" signature="setUp()[pri:0, instance:com.training.sanity.tests.LoginAdminTests@5c7fa833]" name="setUp" is-config="true" duration-ms="13061" started-at="2020-03-18T17:45:04Z" finished-at="2020-03-18T17:45:17Z">
          <reporter-output>
          </reporter-output>
        </test-method> <!-- setUp -->
        <test-method status="PASS" signature="validLoginTest()[pri:0, instance:com.training.sanity.tests.LoginAdminTests@5c7fa833]" name="validLoginTest" duration-ms="15231" started-at="2020-03-18T17:45:17Z" finished-at="2020-03-18T17:45:32Z">
          <reporter-output>
          </reporter-output>
        </test-method> <!-- validLoginTest -->
        <test-method status="PASS" signature="tearDown()[pri:0, instance:com.training.sanity.tests.LoginAdminTests@5c7fa833]" name="tearDown" is-config="true" duration-ms="1198" started-at="2020-03-18T17:45:32Z" finished-at="2020-03-18T17:45:33Z">
          <reporter-output>
          </reporter-output>
        </test-method> <!-- tearDown -->
      </class> <!-- com.training.sanity.tests.LoginAdminTests -->
    </test> <!-- Default test -->
  </suite> <!-- Default suite -->
</testng-results>
