<?xml version="1.0" encoding="UTF-8"?>
<testng-results skipped="0" failed="0" ignored="0" total="1" passed="1">
  <reporter-output>
  </reporter-output>
  <suite name="Default suite" duration-ms="45357" started-at="2020-03-19T18:13:42Z" finished-at="2020-03-19T18:14:28Z">
    <groups>
    </groups>
    <test name="Default test" duration-ms="45357" started-at="2020-03-19T18:13:42Z" finished-at="2020-03-19T18:14:28Z">
      <class name="com.training.sanity.tests.LoginTestsRealReturnProd">
        <test-method status="PASS" signature="setUpBeforeClass()[pri:0, instance:com.training.sanity.tests.LoginTestsRealReturnProd@5c7fa833]" name="setUpBeforeClass" is-config="true" duration-ms="15" started-at="2020-03-19T23:43:42Z" finished-at="2020-03-19T23:43:42Z">
          <reporter-output>
          </reporter-output>
        </test-method> <!-- setUpBeforeClass -->
        <test-method status="PASS" signature="setUp()[pri:0, instance:com.training.sanity.tests.LoginTestsRealReturnProd@5c7fa833]" name="setUp" is-config="true" duration-ms="20632" started-at="2020-03-19T23:43:42Z" finished-at="2020-03-19T23:44:03Z">
          <reporter-output>
          </reporter-output>
        </test-method> <!-- setUp -->
        <test-method status="PASS" signature="validLoginTest()[pri:0, instance:com.training.sanity.tests.LoginTestsRealReturnProd@5c7fa833]" name="validLoginTest" duration-ms="23686" started-at="2020-03-19T23:44:03Z" finished-at="2020-03-19T23:44:27Z">
          <reporter-output>
          </reporter-output>
        </test-method> <!-- validLoginTest -->
        <test-method status="PASS" signature="tearDown()[pri:0, instance:com.training.sanity.tests.LoginTestsRealReturnProd@5c7fa833]" name="tearDown" is-config="true" duration-ms="1001" started-at="2020-03-19T23:44:27Z" finished-at="2020-03-19T23:44:28Z">
          <reporter-output>
          </reporter-output>
        </test-method> <!-- tearDown -->
      </class> <!-- com.training.sanity.tests.LoginTestsRealReturnProd -->
    </test> <!-- Default test -->
  </suite> <!-- Default suite -->
</testng-results>
